Determining if the pthread_create exist failed with the following output:
Change Dir: /home/gordon/Documents/gitrepos/MAVSDK/example/offboard_skywriting_mode/build/CMakeFiles/CMakeTmp

Run Build Command:"/usr/bin/make" "cmTC_19ddf/fast"
/usr/bin/make -f CMakeFiles/cmTC_19ddf.dir/build.make CMakeFiles/cmTC_19ddf.dir/build
make[1]: Entering directory '/home/gordon/Documents/gitrepos/MAVSDK/example/offboard_skywriting_mode/build/CMakeFiles/CMakeTmp'
Building C object CMakeFiles/cmTC_19ddf.dir/CheckSymbolExists.c.o
/usr/bin/cc     -o CMakeFiles/cmTC_19ddf.dir/CheckSymbolExists.c.o   -c /home/gordon/Documents/gitrepos/MAVSDK/example/offboard_skywriting_mode/build/CMakeFiles/CMakeTmp/CheckSymbolExists.c
Linking C executable cmTC_19ddf
/usr/bin/cmake -E cmake_link_script CMakeFiles/cmTC_19ddf.dir/link.txt --verbose=1
/usr/bin/cc       CMakeFiles/cmTC_19ddf.dir/CheckSymbolExists.c.o  -o cmTC_19ddf -rdynamic 
CMakeFiles/cmTC_19ddf.dir/CheckSymbolExists.c.o: In function `main':
CheckSymbolExists.c:(.text+0x16): undefined reference to `pthread_create'
collect2: error: ld returned 1 exit status
CMakeFiles/cmTC_19ddf.dir/build.make:97: recipe for target 'cmTC_19ddf' failed
make[1]: *** [cmTC_19ddf] Error 1
make[1]: Leaving directory '/home/gordon/Documents/gitrepos/MAVSDK/example/offboard_skywriting_mode/build/CMakeFiles/CMakeTmp'
Makefile:126: recipe for target 'cmTC_19ddf/fast' failed
make: *** [cmTC_19ddf/fast] Error 2

File /home/gordon/Documents/gitrepos/MAVSDK/example/offboard_skywriting_mode/build/CMakeFiles/CMakeTmp/CheckSymbolExists.c:
/* */
#include <pthread.h>

int main(int argc, char** argv)
{
  (void)argv;
#ifndef pthread_create
  return ((int*)(&pthread_create))[argc];
#else
  (void)argc;
  return 0;
#endif
}

Determining if the function pthread_create exists in the pthreads failed with the following output:
Change Dir: /home/gordon/Documents/gitrepos/MAVSDK/example/offboard_skywriting_mode/build/CMakeFiles/CMakeTmp

Run Build Command:"/usr/bin/make" "cmTC_a2d53/fast"
/usr/bin/make -f CMakeFiles/cmTC_a2d53.dir/build.make CMakeFiles/cmTC_a2d53.dir/build
make[1]: Entering directory '/home/gordon/Documents/gitrepos/MAVSDK/example/offboard_skywriting_mode/build/CMakeFiles/CMakeTmp'
Building C object CMakeFiles/cmTC_a2d53.dir/CheckFunctionExists.c.o
/usr/bin/cc    -DCHECK_FUNCTION_EXISTS=pthread_create   -o CMakeFiles/cmTC_a2d53.dir/CheckFunctionExists.c.o   -c /usr/share/cmake-3.5/Modules/CheckFunctionExists.c
Linking C executable cmTC_a2d53
/usr/bin/cmake -E cmake_link_script CMakeFiles/cmTC_a2d53.dir/link.txt --verbose=1
/usr/bin/cc   -DCHECK_FUNCTION_EXISTS=pthread_create    CMakeFiles/cmTC_a2d53.dir/CheckFunctionExists.c.o  -o cmTC_a2d53 -rdynamic -lpthreads 
/usr/bin/ld: cannot find -lpthreads
collect2: error: ld returned 1 exit status
CMakeFiles/cmTC_a2d53.dir/build.make:97: recipe for target 'cmTC_a2d53' failed
make[1]: *** [cmTC_a2d53] Error 1
make[1]: Leaving directory '/home/gordon/Documents/gitrepos/MAVSDK/example/offboard_skywriting_mode/build/CMakeFiles/CMakeTmp'
Makefile:126: recipe for target 'cmTC_a2d53/fast' failed
make: *** [cmTC_a2d53/fast] Error 2


